<?xml version="1.0" encoding="utf-8"?><testsuites name="pytest tests"><testsuite name="pytest" errors="0" failures="0" skipped="0" tests="8" time="0.800" timestamp="2026-06-12T12:23:55.371823+00:00" hostname="agent-env-04f0d357-9c0b-4423-b9ba-8e8cc88eddf5"><testcase classname="backend.tests.test_api.TestHealth" name="test_root" time="0.281" /><testcase classname="backend.tests.test_api.TestContact" name="test_create_contact_valid" time="0.090" /><testcase classname="backend.tests.test_api.TestContact" name="test_create_contact_invalid_email" time="0.045" /><testcase classname="backend.tests.test_api.TestContact" name="test_create_contact_missing_field" time="0.043" /><testcase classname="backend.tests.test_api.TestContact" name="test_get_contact_list" time="0.040" /><testcase classname="backend.tests.test_api.TestNewsletter" name="test_subscribe_valid" time="0.083" /><testcase classname="backend.tests.test_api.TestNewsletter" name="test_subscribe_invalid_email" time="0.043" /><testcase classname="backend.tests.test_api.TestNewsletter" name="test_subscribe_missing_email" time="0.043" /></testsuite></testsuites>